<?xml version="1.0" encoding="UTF-8"?>
<!-- Generated by org.testng.reporters.JUnitReportReporter -->
<testsuite hostname="LAPTOP-ILK6MSR5" failures="0" tests="1" name="tests.Home" time="29.844" errors="0" timestamp="2020-05-06T16:30:59 GMT-04:00" skipped="0">
  <testcase classname="tests.Home" name="Testing" time="29.844"/>
  <system-out/>
</testsuite> <!-- tests.Home -->
