<?xml version="1.0" encoding="UTF-8"?>
<!-- Generated by org.testng.reporters.JUnitReportReporter -->
<testsuite skipped="0" hostname="CL-NB-265" name="tests.prueba" tests="1" failures="0" timestamp="22 abr 2020 23:05:09 GMT" time="0.017" errors="0">
  <testcase name="login" time="0.017" classname="tests.prueba"/>
</testsuite> <!-- tests.prueba -->
